[09:49:06] [ServerMain/INFO]: Environment: authHost='https://authserver.mojang.com', accountsHost='https://api.mojang.com', sessionHost='https://sessionserver.mojang.com', servicesHost='https://api.minecraftservices.com', name='PROD'
[09:49:06] [ServerMain/WARN]: Couldn't get pack info for: java.util.zip.ZipException: zip END header not found
[09:49:08] [ServerMain/WARN]: Ambiguity between arguments [teleport, location] and [teleport, destination] with inputs: [0.1 -0.5 .9, 0 0 0]
[09:49:08] [ServerMain/WARN]: Ambiguity between arguments [teleport, location] and [teleport, targets] with inputs: [0.1 -0.5 .9, 0 0 0]
[09:49:08] [ServerMain/WARN]: Ambiguity between arguments [teleport, destination] and [teleport, targets] with inputs: [Player, 0123, @e, dd12be42-52a9-4a91-a8a1-11c01849e498]
[09:49:08] [ServerMain/WARN]: Ambiguity between arguments [teleport, targets] and [teleport, destination] with inputs: [Player, 0123, dd12be42-52a9-4a91-a8a1-11c01849e498]
[09:49:08] [ServerMain/WARN]: Ambiguity between arguments [teleport, targets, location] and [teleport, targets, destination] with inputs: [0.1 -0.5 .9, 0 0 0]
[09:49:09] [Worker-Main-6/INFO]: Loaded 7 recipes
[09:49:10] [Worker-Main-6/INFO]: Loaded 1141 advancements
[09:49:12] [Server thread/INFO]: Starting minecraft server version 1.18.2
[09:49:12] [Server thread/INFO]: Loading properties
[09:49:12] [Server thread/INFO]: Default game type: SURVIVAL
[09:49:12] [Server thread/INFO]: Generating keypair
[09:49:12] [Server thread/INFO]: Starting Minecraft server on *:25565
[09:49:12] [Server thread/INFO]: Using epoll channel type
[09:49:12] [Server thread/WARN]: **** SERVER IS RUNNING IN OFFLINE/INSECURE MODE!
[09:49:12] [Server thread/WARN]: The server will make no attempt to authenticate usernames. Beware.
[09:49:12] [Server thread/WARN]: While this makes the game possible to play without internet access, it also opens up the ability for hackers to connect with any username they choose.
[09:49:12] [Server thread/WARN]: To change this, set "online-mode" to "true" in the server.properties file.
[09:49:12] [Server thread/INFO]: Preparing level "world"
[09:49:13] [Server thread/INFO]: Preparing start region for dimension minecraft:overworld
[09:49:15] [Worker-Main-4/INFO]: Preparing spawn area: 0%
[09:49:15] [Worker-Main-5/INFO]: Preparing spawn area: 0%
[09:49:15] [Worker-Main-5/INFO]: Preparing spawn area: 0%
[09:49:15] [Worker-Main-5/INFO]: Preparing spawn area: 0%
[09:49:15] [Worker-Main-5/INFO]: Preparing spawn area: 0%
[09:49:15] [Worker-Main-4/INFO]: Preparing spawn area: 0%
[09:49:16] [Worker-Main-5/INFO]: Preparing spawn area: 0%
[09:49:16] [Worker-Main-4/INFO]: Preparing spawn area: 0%
[09:49:17] [Worker-Main-5/INFO]: Preparing spawn area: 0%
[09:49:17] [Worker-Main-5/INFO]: Preparing spawn area: 0%
[09:49:18] [Worker-Main-4/INFO]: Preparing spawn area: 0%
[09:49:18] [Worker-Main-4/INFO]: Preparing spawn area: 1%
[09:49:19] [Worker-Main-4/INFO]: Preparing spawn area: 1%
[09:49:30] [Worker-Main-5/INFO]: Preparing spawn area: 1%
[09:49:30] [Worker-Main-5/INFO]: Preparing spawn area: 1%
[09:49:30] [Worker-Main-5/INFO]: Preparing spawn area: 1%
[09:49:30] [Worker-Main-5/INFO]: Preparing spawn area: 1%
[09:49:30] [Worker-Main-5/INFO]: Preparing spawn area: 1%
[09:49:30] [Worker-Main-5/INFO]: Preparing spawn area: 1%
[09:49:30] [Worker-Main-5/INFO]: Preparing spawn area: 1%
[09:49:30] [Worker-Main-5/INFO]: Preparing spawn area: 1%
[09:49:30] [Worker-Main-5/INFO]: Preparing spawn area: 1%
[09:49:30] [Worker-Main-5/INFO]: Preparing spawn area: 1%
[09:49:30] [Worker-Main-6/INFO]: Preparing spawn area: 1%
[09:49:30] [Worker-Main-6/INFO]: Preparing spawn area: 1%
[09:49:30] [Worker-Main-6/INFO]: Preparing spawn area: 1%
[09:49:30] [Worker-Main-6/INFO]: Preparing spawn area: 1%
[09:49:30] [Worker-Main-6/INFO]: Preparing spawn area: 1%
[09:49:30] [Worker-Main-6/INFO]: Preparing spawn area: 1%
[09:49:30] [Worker-Main-6/INFO]: Preparing spawn area: 1%
[09:49:30] [Worker-Main-6/INFO]: Preparing spawn area: 1%
[09:49:30] [Worker-Main-6/INFO]: Preparing spawn area: 1%
[09:49:30] [Worker-Main-6/INFO]: Preparing spawn area: 1%
[09:49:30] [Worker-Main-6/INFO]: Preparing spawn area: 1%
[09:49:30] [Worker-Main-6/INFO]: Preparing spawn area: 1%
[09:49:30] [Worker-Main-5/INFO]: Preparing spawn area: 10%
[09:49:31] [Worker-Main-6/INFO]: Preparing spawn area: 37%
[09:49:31] [Worker-Main-4/INFO]: Preparing spawn area: 84%
[09:49:31] [Server thread/INFO]: Time elapsed: 18745 ms
[09:49:31] [Server thread/INFO]: Done (18.959s)! For help, type "help"
[09:49:45] [Server thread/WARN]: Couldn't get pack info for: java.util.zip.ZipException: zip END header not found
[09:49:45] [Server thread/INFO]: There are 1 data packs enabled: [vanilla (built-in)]
[09:49:45] [Server thread/WARN]: Couldn't get pack info for: java.util.zip.ZipException: zip END header not found
[09:49:45] [Server thread/INFO]: There are no more data packs available
[10:09:09] [Server thread/INFO]: Maruf[/188.130.155.160:60638] logged in with entity id 263 at (1334.2582640343605, 63.0, -4221.226146433837)
[10:09:09] [Server thread/INFO]: Maruf joined the game
[10:10:14] [Server thread/INFO]: Maruf lost connection: Disconnected
[10:10:14] [Server thread/INFO]: Maruf left the game
[10:20:35] [Server thread/INFO]: amelylina[/89.146.89.17:56242] logged in with entity id 424 at (1289.5737538548992, 71.0, -4252.10031273192)
[10:20:35] [Server thread/INFO]: amelylina joined the game
[10:23:19] [Server thread/INFO]: amelylina has made the advancement [Enchanter]
